<?xml version="1.0" encoding="UTF-8"?>
<testsuite name="com.bridgelabz.mockito.MockitoTest" tests="2" skipped="0" failures="0" errors="0" timestamp="2020-04-18T05:02:10" hostname="Ubuntu-RajKush" time="0.102">
  <properties/>
  <testcase name="testQuery" classname="com.bridgelabz.mockito.MockitoTest" time="0.084"/>
  <testcase name="customerReaderTest" classname="com.bridgelabz.mockito.MockitoTest" time="0.018"/>
  <system-out><![CDATA[]]></system-out>
  <system-err><![CDATA[]]></system-err>
</testsuite>
